Mon 11 Oct 2021 11:42:22 ./testinference.sh 100 alexnet 30 1 resnet50 30 1 
Mon 11 Oct 2021 11:42:22 avg_latency 1.6758222471731168
Mon 11 Oct 2021 11:42:22 SLAB 3 30
Mon 11 Oct 2021 11:42:23 avg_latency 4.287034283914321
Mon 11 Oct 2021 11:42:23 SLAB 5 30
Mon 11 Oct 2021 11:42:23 ./testinference.sh 101 alexnet 30 3 resnet50 30 5 
Mon 11 Oct 2021 11:42:23 avg_latency 2.4226973932188463
Mon 11 Oct 2021 11:42:23 SLAB 7 30
Mon 11 Oct 2021 11:42:23 avg_latency 12.230567259786477
Mon 11 Oct 2021 11:42:23 SLAB 9 30
Mon 11 Oct 2021 11:42:23 ./testinference.sh 102 alexnet 30 7 resnet50 30 9 
Mon 11 Oct 2021 11:42:23 avg_latency 3.9216986236338798
Mon 11 Oct 2021 11:42:23 SLAB 9 30
Mon 11 Oct 2021 11:42:24 avg_latency 19.98805833333333
Mon 11 Oct 2021 11:42:24 SLAB 9 30
Mon 11 Oct 2021 11:42:24 ./testinference.sh 103 alexnet 30 9 resnet50 30 9 
Mon 11 Oct 2021 11:42:24 avg_latency 4.625967304485907
Mon 11 Oct 2021 11:42:24 SLAB 10 30
Mon 11 Oct 2021 11:42:24 avg_latency 20.004166472868217
Mon 11 Oct 2021 11:42:24 SLAB 9 30
Mon 11 Oct 2021 11:42:24 ./testinference.sh 104 alexnet 30 10 resnet50 30 9 
Mon 11 Oct 2021 11:42:24 avg_latency 5.055982349371478
Mon 11 Oct 2021 11:42:24 SLAB 10 30
Mon 11 Oct 2021 11:42:24 avg_latency 19.99324680851064
Mon 11 Oct 2021 11:42:24 SLAB 9 30
Mon 11 Oct 2021 11:42:24 ./testinference.sh 105 alexnet 30 10 resnet50 30 9 
Mon 11 Oct 2021 11:42:24 observe [230.7, 5.056453060251409]
Mon 11 Oct 2021 11:42:24 resource 10 46.99609882964889
Mon 11 Oct 2021 11:42:24 observe [51.6, 20.008885465116283]
Mon 11 Oct 2021 11:42:24 resource 9 32.29974160206718
Mon 11 Oct 2021 11:42:24 ./testinference.sh 106 alexnet 46.99609882964889 10 resnet50 32.29974160206718 9 
Mon 11 Oct 2021 11:42:25 avg_latency 3.777302137846905
Mon 11 Oct 2021 11:42:25 SLAB 14 46.99609882964889
Mon 11 Oct 2021 11:42:25 avg_latency 19.338407476635513
Mon 11 Oct 2021 11:42:25 SLAB 9 32.29974160206718
Mon 11 Oct 2021 11:42:25 ./testinference.sh 107 alexnet 46.99609882964889 14 resnet50 32.29974160206718 9 
Mon 11 Oct 2021 11:42:25 avg_latency 4.740358235732936
Mon 11 Oct 2021 11:42:25 SLAB 15 46.99609882964889
Mon 11 Oct 2021 11:42:25 avg_latency 19.30890691588785
Mon 11 Oct 2021 11:42:25 SLAB 9 32.29974160206718
Mon 11 Oct 2021 11:42:25 ./testinference.sh 108 alexnet 46.99609882964889 15 resnet50 32.29974160206718 9 
Mon 11 Oct 2021 11:42:25 avg_latency 5.094832587104525
Mon 11 Oct 2021 11:42:25 SLAB 15 46.99609882964889
Mon 11 Oct 2021 11:42:25 avg_latency 19.331929158878506
Mon 11 Oct 2021 11:42:25 SLAB 9 32.29974160206718
Mon 11 Oct 2021 11:42:25 ./testinference.sh 109 alexnet 46.99609882964889 15 resnet50 32.29974160206718 9 
Mon 11 Oct 2021 11:42:26 observe [249.8, 5.0911162489991995]
Mon 11 Oct 2021 11:42:26 resource 15 81.44987077655189
Mon 11 Oct 2021 11:42:26 observe [53.5, 19.337491588785046]
Mon 11 Oct 2021 11:42:26 resource 9 32.29974160206718
Mon 11 Oct 2021 11:42:26 ./testinference.sh 110 alexnet 81.44987077655189 15 resnet50 32.29974160206718 9 
Mon 11 Oct 2021 11:42:26 avg_latency 3.8572967321527387
Mon 11 Oct 2021 11:42:26 SLAB 20 81.44987077655189
Mon 11 Oct 2021 11:42:26 avg_latency 23.024025784753363
Mon 11 Oct 2021 11:42:26 SLAB 8 32.29974160206718
Mon 11 Oct 2021 11:42:26 ./testinference.sh 111 alexnet 81.44987077655189 20 resnet50 32.29974160206718 8 
Mon 11 Oct 2021 11:42:26 avg_latency 4.833358670500677
Mon 11 Oct 2021 11:42:26 SLAB 20 81.44987077655189
Mon 11 Oct 2021 11:42:27 avg_latency 22.593979340659345
Mon 11 Oct 2021 11:42:27 SLAB 8 32.29974160206718
Mon 11 Oct 2021 11:42:27 ./testinference.sh 112 alexnet 81.44987077655189 20 resnet50 32.29974160206718 8 
Mon 11 Oct 2021 11:42:27 observe [295.3, 4.8398334845919395]
Mon 11 Oct 2021 11:42:27 resource 20 13.791038059016572
Mon 11 Oct 2021 11:42:27 observe [45.5, 22.639804175824178]
Mon 11 Oct 2021 11:42:27 resource 8 44.36777692591646
Mon 11 Oct 2021 11:42:27 ./testinference.sh 113 alexnet 13.791038059016572 20 resnet50 44.36777692591646 8 
Mon 11 Oct 2021 11:42:27 avg_latency 15.394259666203057
Mon 11 Oct 2021 11:42:27 SLAB 7 13.791038059016572
Mon 11 Oct 2021 11:42:27 avg_latency 13.099283375
Mon 11 Oct 2021 11:42:27 SLAB 13 44.36777692591646
Mon 11 Oct 2021 11:42:27 ./testinference.sh 114 alexnet 13.791038059016572 7 resnet50 44.36777692591646 13 
Mon 11 Oct 2021 11:42:27 avg_latency 6.8366730113636365
Mon 11 Oct 2021 11:42:27 SLAB 6 13.791038059016572
Mon 11 Oct 2021 11:42:27 avg_latency 19.61375308411215
Mon 11 Oct 2021 11:42:27 SLAB 13 44.36777692591646
Mon 11 Oct 2021 11:42:27 ./testinference.sh 115 alexnet 13.791038059016572 6 resnet50 44.36777692591646 13 
Mon 11 Oct 2021 11:42:27 avg_latency 6.157968436965202
Mon 11 Oct 2021 11:42:27 SLAB 5 13.791038059016572
Mon 11 Oct 2021 11:42:27 avg_latency 19.5997473880597
Mon 11 Oct 2021 11:42:27 SLAB 13 44.36777692591646
Mon 11 Oct 2021 11:42:27 ./testinference.sh 116 alexnet 13.791038059016572 5 resnet50 44.36777692591646 13 
Mon 11 Oct 2021 11:42:28 avg_latency 5.522978580976863
Mon 11 Oct 2021 11:42:28 SLAB 5 13.791038059016572
Mon 11 Oct 2021 11:42:28 avg_latency 19.61526093457944
Mon 11 Oct 2021 11:42:28 SLAB 13 44.36777692591646
Mon 11 Oct 2021 11:42:28 ./testinference.sh 117 alexnet 13.791038059016572 5 resnet50 44.36777692591646 13 
Mon 11 Oct 2021 11:42:28 observe [194.5, 5.519732005141388]
Mon 11 Oct 2021 11:42:28 resource 5 15.089587310450796
Mon 11 Oct 2021 11:42:28 observe [53.5, 19.60640523364486]
Mon 11 Oct 2021 11:42:28 resource 13 31.89631698484289
Mon 11 Oct 2021 11:42:28 ./testinference.sh 118 alexnet 15.089587310450796 5 resnet50 31.89631698484289 13 
Mon 11 Oct 2021 11:42:28 avg_latency 4.832727688195991
Mon 11 Oct 2021 11:42:28 SLAB 5 15.089587310450796
Mon 11 Oct 2021 11:42:28 avg_latency 25.959063659147866
Mon 11 Oct 2021 11:42:28 SLAB 11 31.89631698484289
Mon 11 Oct 2021 11:42:28 ./testinference.sh 119 alexnet 15.089587310450796 5 resnet50 31.89631698484289 11 
Mon 11 Oct 2021 11:42:28 avg_latency 4.834694815144766
Mon 11 Oct 2021 11:42:28 SLAB 5 15.089587310450796
Mon 11 Oct 2021 11:42:29 avg_latency 22.839426490066227
Mon 11 Oct 2021 11:42:29 SLAB 10 31.89631698484289
Mon 11 Oct 2021 11:42:29 ./testinference.sh 120 alexnet 15.089587310450796 5 resnet50 31.89631698484289 10 
Mon 11 Oct 2021 11:42:29 avg_latency 4.83213699197861
Mon 11 Oct 2021 11:42:29 SLAB 5 15.089587310450796
Mon 11 Oct 2021 11:42:29 avg_latency 20.758994388777555
Mon 11 Oct 2021 11:42:29 SLAB 10 31.89631698484289
Mon 11 Oct 2021 11:42:29 ./testinference.sh 121 alexnet 15.089587310450796 5 resnet50 31.89631698484289 10 
Mon 11 Oct 2021 11:42:29 observe [224.6, 4.831087181656278]
Mon 11 Oct 2021 11:42:29 resource 5 13.436854239047904
Mon 11 Oct 2021 11:42:29 observe [49.9, 20.755434068136275]
Mon 11 Oct 2021 11:42:29 resource 10 31.89631698484289
Mon 11 Oct 2021 11:42:29 ./testinference.sh 122 alexnet 13.436854239047904 5 resnet50 31.89631698484289 10 
Mon 11 Oct 2021 11:42:29 avg_latency 5.491998236196319
Mon 11 Oct 2021 11:42:29 SLAB 5 13.436854239047904
Mon 11 Oct 2021 11:42:29 avg_latency 20.694778400000004
Mon 11 Oct 2021 11:42:29 SLAB 10 31.89631698484289
Mon 11 Oct 2021 11:46:29 ./testinference.sh 100 alexnet 30 1 resnet50 30 1 
Mon 11 Oct 2021 11:46:30 avg_latency 1.6758222471731168
Mon 11 Oct 2021 11:46:30 SLAB 3 30
Mon 11 Oct 2021 11:46:30 avg_latency 4.287034283914321
Mon 11 Oct 2021 11:46:30 SLAB 5 30
Mon 11 Oct 2021 11:46:30 ./testinference.sh 101 alexnet 30 3 resnet50 30 5 
Mon 11 Oct 2021 11:46:31 avg_latency 2.4226973932188463
Mon 11 Oct 2021 11:46:31 SLAB 7 30
Mon 11 Oct 2021 11:46:31 avg_latency 12.230567259786477
Mon 11 Oct 2021 11:46:31 SLAB 9 30
Mon 11 Oct 2021 11:46:31 ./testinference.sh 102 alexnet 30 7 resnet50 30 9 
Mon 11 Oct 2021 11:46:31 avg_latency 3.9216986236338798
Mon 11 Oct 2021 11:46:31 SLAB 9 30
Mon 11 Oct 2021 11:46:31 avg_latency 19.98805833333333
Mon 11 Oct 2021 11:46:31 SLAB 9 30
Mon 11 Oct 2021 11:46:31 ./testinference.sh 103 alexnet 30 9 resnet50 30 9 
Mon 11 Oct 2021 11:46:31 avg_latency 4.625967304485907
Mon 11 Oct 2021 11:46:31 SLAB 10 30
Mon 11 Oct 2021 11:46:31 avg_latency 20.004166472868217
Mon 11 Oct 2021 11:46:31 SLAB 9 30
Mon 11 Oct 2021 11:46:31 ./testinference.sh 104 alexnet 30 10 resnet50 30 9 
Mon 11 Oct 2021 11:46:32 avg_latency 5.055982349371478
Mon 11 Oct 2021 11:46:32 SLAB 10 30
Mon 11 Oct 2021 11:46:32 avg_latency 19.99324680851064
Mon 11 Oct 2021 11:46:32 SLAB 9 30
Mon 11 Oct 2021 11:46:32 ./testinference.sh 105 alexnet 30 10 resnet50 30 9 
Mon 11 Oct 2021 11:46:32 observe [230.7, 5.056453060251409]
Mon 11 Oct 2021 11:46:32 resource 10 46.99609882964889
Mon 11 Oct 2021 11:46:32 observe [51.6, 20.008885465116283]
Mon 11 Oct 2021 11:46:32 resource 9 32.29974160206718
Mon 11 Oct 2021 11:46:32 ./testinference.sh 106 alexnet 46.99609882964889 10 resnet50 32.29974160206718 9 
Mon 11 Oct 2021 11:46:32 avg_latency 3.777302137846905
Mon 11 Oct 2021 11:46:32 SLAB 14 46.99609882964889
Mon 11 Oct 2021 11:46:32 avg_latency 19.338407476635513
Mon 11 Oct 2021 11:46:32 SLAB 9 32.29974160206718
Mon 11 Oct 2021 11:46:32 ./testinference.sh 107 alexnet 46.99609882964889 14 resnet50 32.29974160206718 9 
Mon 11 Oct 2021 11:46:33 avg_latency 4.740358235732936
Mon 11 Oct 2021 11:46:33 SLAB 15 46.99609882964889
Mon 11 Oct 2021 11:46:33 avg_latency 19.30890691588785
Mon 11 Oct 2021 11:46:33 SLAB 9 32.29974160206718
Mon 11 Oct 2021 11:46:33 ./testinference.sh 108 alexnet 46.99609882964889 15 resnet50 32.29974160206718 9 
Mon 11 Oct 2021 11:46:33 avg_latency 5.094832587104525
Mon 11 Oct 2021 11:46:33 SLAB 15 46.99609882964889
Mon 11 Oct 2021 11:46:33 avg_latency 19.331929158878506
Mon 11 Oct 2021 11:46:33 SLAB 9 32.29974160206718
Mon 11 Oct 2021 11:46:33 ./testinference.sh 109 alexnet 46.99609882964889 15 resnet50 32.29974160206718 9 
Mon 11 Oct 2021 11:46:33 observe [249.8, 5.0911162489991995]
Mon 11 Oct 2021 11:46:33 resource 15 81.44987077655189
Mon 11 Oct 2021 11:46:33 observe [53.5, 19.337491588785046]
Mon 11 Oct 2021 11:46:33 resource 9 32.29974160206718
Mon 11 Oct 2021 11:46:33 ./testinference.sh 110 alexnet 81.44987077655189 15 resnet50 32.29974160206718 9 
Mon 11 Oct 2021 11:46:34 avg_latency 3.8572967321527387
Mon 11 Oct 2021 11:46:34 SLAB 20 81.44987077655189
Mon 11 Oct 2021 11:46:34 avg_latency 23.024025784753363
Mon 11 Oct 2021 11:46:34 SLAB 8 32.29974160206718
Mon 11 Oct 2021 11:46:34 ./testinference.sh 111 alexnet 81.44987077655189 20 resnet50 32.29974160206718 8 
Mon 11 Oct 2021 11:46:34 avg_latency 4.833358670500677
Mon 11 Oct 2021 11:46:34 SLAB 20 81.44987077655189
Mon 11 Oct 2021 11:46:34 avg_latency 22.593979340659345
Mon 11 Oct 2021 11:46:34 SLAB 8 32.29974160206718
Mon 11 Oct 2021 11:46:34 ./testinference.sh 112 alexnet 81.44987077655189 20 resnet50 32.29974160206718 8 
Mon 11 Oct 2021 11:46:34 observe [295.3, 4.8398334845919395]
Mon 11 Oct 2021 11:46:34 resource 20 13.791038059016572
Mon 11 Oct 2021 11:46:34 observe [45.5, 22.639804175824178]
Mon 11 Oct 2021 11:46:34 resource 8 44.36777692591646
Mon 11 Oct 2021 11:46:34 ./testinference.sh 113 alexnet 13.791038059016572 20 resnet50 44.36777692591646 8 
Mon 11 Oct 2021 11:46:34 avg_latency 15.394259666203057
Mon 11 Oct 2021 11:46:34 SLAB 7 13.791038059016572
Mon 11 Oct 2021 11:46:34 avg_latency 13.099283375
Mon 11 Oct 2021 11:46:34 SLAB 13 44.36777692591646
Mon 11 Oct 2021 11:46:34 ./testinference.sh 114 alexnet 13.791038059016572 7 resnet50 44.36777692591646 13 
Mon 11 Oct 2021 11:46:35 avg_latency 6.8366730113636365
Mon 11 Oct 2021 11:46:35 SLAB 6 13.791038059016572
Mon 11 Oct 2021 11:46:35 avg_latency 19.61375308411215
Mon 11 Oct 2021 11:46:35 SLAB 13 44.36777692591646
Mon 11 Oct 2021 11:46:35 ./testinference.sh 115 alexnet 13.791038059016572 6 resnet50 44.36777692591646 13 
Mon 11 Oct 2021 11:46:35 avg_latency 6.157968436965202
Mon 11 Oct 2021 11:46:35 SLAB 5 13.791038059016572
Mon 11 Oct 2021 11:46:35 avg_latency 19.5997473880597
Mon 11 Oct 2021 11:46:35 SLAB 13 44.36777692591646
Mon 11 Oct 2021 11:46:35 ./testinference.sh 116 alexnet 13.791038059016572 5 resnet50 44.36777692591646 13 
Mon 11 Oct 2021 11:46:35 avg_latency 5.522978580976863
Mon 11 Oct 2021 11:46:35 SLAB 5 13.791038059016572
Mon 11 Oct 2021 11:46:35 avg_latency 19.61526093457944
Mon 11 Oct 2021 11:46:35 SLAB 13 44.36777692591646
Mon 11 Oct 2021 11:46:35 ./testinference.sh 117 alexnet 13.791038059016572 5 resnet50 44.36777692591646 13 
Mon 11 Oct 2021 11:46:35 observe [194.5, 5.519732005141388]
Mon 11 Oct 2021 11:46:35 resource 5 15.089587310450796
Mon 11 Oct 2021 11:46:35 observe [53.5, 19.60640523364486]
Mon 11 Oct 2021 11:46:35 resource 13 31.89631698484289
Mon 11 Oct 2021 11:46:35 ./testinference.sh 118 alexnet 15.089587310450796 5 resnet50 31.89631698484289 13 
Mon 11 Oct 2021 11:46:36 avg_latency 4.832727688195991
Mon 11 Oct 2021 11:46:36 SLAB 5 15.089587310450796
Mon 11 Oct 2021 11:46:36 avg_latency 25.959063659147866
Mon 11 Oct 2021 11:46:36 SLAB 11 31.89631698484289
Mon 11 Oct 2021 11:46:36 ./testinference.sh 119 alexnet 15.089587310450796 5 resnet50 31.89631698484289 11 
Mon 11 Oct 2021 11:46:36 avg_latency 4.834694815144766
Mon 11 Oct 2021 11:46:36 SLAB 5 15.089587310450796
Mon 11 Oct 2021 11:46:36 avg_latency 22.839426490066227
Mon 11 Oct 2021 11:46:36 SLAB 10 31.89631698484289
Mon 11 Oct 2021 11:46:36 ./testinference.sh 120 alexnet 15.089587310450796 5 resnet50 31.89631698484289 10 
Mon 11 Oct 2021 11:46:36 avg_latency 4.83213699197861
Mon 11 Oct 2021 11:46:36 SLAB 5 15.089587310450796
Mon 11 Oct 2021 11:46:36 avg_latency 20.758994388777555
Mon 11 Oct 2021 11:46:36 SLAB 10 31.89631698484289
Mon 11 Oct 2021 11:46:36 ./testinference.sh 121 alexnet 15.089587310450796 5 resnet50 31.89631698484289 10 
Mon 11 Oct 2021 11:46:37 observe [224.6, 4.831087181656278]
Mon 11 Oct 2021 11:46:37 resource 5 13.436854239047904
Mon 11 Oct 2021 11:46:37 observe [49.9, 20.755434068136275]
Mon 11 Oct 2021 11:46:37 resource 10 31.89631698484289
Mon 11 Oct 2021 11:46:37 ./testinference.sh 122 alexnet 13.436854239047904 5 resnet50 31.89631698484289 10 
Mon 11 Oct 2021 11:46:37 avg_latency 5.491998236196319
Mon 11 Oct 2021 11:46:37 SLAB 5 13.436854239047904
Mon 11 Oct 2021 11:46:37 avg_latency 20.694778400000004
Mon 11 Oct 2021 11:46:37 SLAB 10 31.89631698484289
Mon 11 Oct 2021 11:51:15 ./testinference.sh 100 alexnet 30 1 resnet50 30 1 
Mon 11 Oct 2021 11:51:16 avg_latency 1.6758222471731168
Mon 11 Oct 2021 11:51:16 SLAB 3 30
Mon 11 Oct 2021 11:51:16 avg_latency 4.287034283914321
Mon 11 Oct 2021 11:51:16 SLAB 5 30
Mon 11 Oct 2021 11:51:16 ./testinference.sh 101 alexnet 30 3 resnet50 30 5 
Mon 11 Oct 2021 11:51:16 avg_latency 2.4226973932188463
Mon 11 Oct 2021 11:51:16 SLAB 7 30
Mon 11 Oct 2021 11:51:17 avg_latency 12.230567259786477
Mon 11 Oct 2021 11:51:17 SLAB 9 30
Mon 11 Oct 2021 11:51:17 ./testinference.sh 102 alexnet 30 7 resnet50 30 9 
Mon 11 Oct 2021 11:51:17 avg_latency 3.9216986236338798
Mon 11 Oct 2021 11:51:17 SLAB 9 30
Mon 11 Oct 2021 11:51:17 avg_latency 19.98805833333333
Mon 11 Oct 2021 11:51:17 SLAB 9 30
Mon 11 Oct 2021 11:51:17 ./testinference.sh 103 alexnet 30 9 resnet50 30 9 
Mon 11 Oct 2021 11:51:17 avg_latency 4.625967304485907
Mon 11 Oct 2021 11:51:17 SLAB 10 30
Mon 11 Oct 2021 11:51:17 avg_latency 20.004166472868217
Mon 11 Oct 2021 11:51:17 SLAB 9 30
Mon 11 Oct 2021 11:51:17 ./testinference.sh 104 alexnet 30 10 resnet50 30 9 
Mon 11 Oct 2021 11:51:17 avg_latency 5.055982349371478
Mon 11 Oct 2021 11:51:17 SLAB 10 30
Mon 11 Oct 2021 11:51:18 avg_latency 19.99324680851064
Mon 11 Oct 2021 11:51:18 SLAB 9 30
Mon 11 Oct 2021 11:51:18 ./testinference.sh 105 alexnet 30 10 resnet50 30 9 
Mon 11 Oct 2021 11:51:18 observe [230.7, 5.056453060251409]
Mon 11 Oct 2021 11:51:18 resource 10 46.99609882964889
Mon 11 Oct 2021 11:51:18 observe [51.6, 20.008885465116283]
Mon 11 Oct 2021 11:51:18 resource 9 32.29974160206718
Mon 11 Oct 2021 11:51:18 ./testinference.sh 106 alexnet 46.99609882964889 10 resnet50 32.29974160206718 9 
Mon 11 Oct 2021 11:51:18 avg_latency 3.777302137846905
Mon 11 Oct 2021 11:51:18 SLAB 14 46.99609882964889
Mon 11 Oct 2021 11:51:18 avg_latency 19.338407476635513
Mon 11 Oct 2021 11:51:18 SLAB 9 32.29974160206718
Mon 11 Oct 2021 11:51:18 ./testinference.sh 107 alexnet 46.99609882964889 14 resnet50 32.29974160206718 9 
Mon 11 Oct 2021 11:51:18 avg_latency 4.740358235732936
Mon 11 Oct 2021 11:51:18 SLAB 15 46.99609882964889
Mon 11 Oct 2021 11:51:19 avg_latency 19.30890691588785
Mon 11 Oct 2021 11:51:19 SLAB 9 32.29974160206718
Mon 11 Oct 2021 11:51:19 ./testinference.sh 108 alexnet 46.99609882964889 15 resnet50 32.29974160206718 9 
Mon 11 Oct 2021 11:51:19 avg_latency 5.094832587104525
Mon 11 Oct 2021 11:51:19 SLAB 15 46.99609882964889
Mon 11 Oct 2021 11:51:19 avg_latency 19.331929158878506
Mon 11 Oct 2021 11:51:19 SLAB 9 32.29974160206718
Mon 11 Oct 2021 11:51:19 ./testinference.sh 109 alexnet 46.99609882964889 15 resnet50 32.29974160206718 9 
Mon 11 Oct 2021 11:51:19 observe [249.8, 5.0911162489991995]
Mon 11 Oct 2021 11:51:19 resource 15 81.44987077655189
Mon 11 Oct 2021 11:51:19 observe [53.5, 19.337491588785046]
Mon 11 Oct 2021 11:51:19 resource 9 32.29974160206718
Mon 11 Oct 2021 11:51:19 ./testinference.sh 110 alexnet 81.44987077655189 15 resnet50 32.29974160206718 9 
Mon 11 Oct 2021 11:51:20 avg_latency 3.8572967321527387
Mon 11 Oct 2021 11:51:20 SLAB 20 81.44987077655189
Mon 11 Oct 2021 11:51:20 avg_latency 23.024025784753363
Mon 11 Oct 2021 11:51:20 SLAB 8 32.29974160206718
Mon 11 Oct 2021 11:51:20 ./testinference.sh 111 alexnet 81.44987077655189 20 resnet50 32.29974160206718 8 
Mon 11 Oct 2021 11:51:20 avg_latency 4.833358670500677
Mon 11 Oct 2021 11:51:20 SLAB 20 81.44987077655189
Mon 11 Oct 2021 11:51:20 avg_latency 22.593979340659345
Mon 11 Oct 2021 11:51:20 SLAB 8 32.29974160206718
Mon 11 Oct 2021 11:51:20 ./testinference.sh 112 alexnet 81.44987077655189 20 resnet50 32.29974160206718 8 
Mon 11 Oct 2021 11:51:20 observe [295.3, 4.8398334845919395]
Mon 11 Oct 2021 11:51:20 resource 20 13.791038059016572
Mon 11 Oct 2021 11:51:20 observe [45.5, 22.639804175824178]
Mon 11 Oct 2021 11:51:20 resource 8 44.36777692591646
Mon 11 Oct 2021 11:51:20 ./testinference.sh 113 alexnet 13.791038059016572 20 resnet50 44.36777692591646 8 
Mon 11 Oct 2021 11:51:20 avg_latency 15.394259666203057
Mon 11 Oct 2021 11:51:20 SLAB 7 13.791038059016572
Mon 11 Oct 2021 11:51:20 avg_latency 13.099283375
Mon 11 Oct 2021 11:51:20 SLAB 13 44.36777692591646
Mon 11 Oct 2021 11:51:20 ./testinference.sh 114 alexnet 13.791038059016572 7 resnet50 44.36777692591646 13 
Mon 11 Oct 2021 11:51:21 avg_latency 6.8366730113636365
Mon 11 Oct 2021 11:51:21 SLAB 6 13.791038059016572
Mon 11 Oct 2021 11:51:21 avg_latency 19.61375308411215
Mon 11 Oct 2021 11:51:21 SLAB 13 44.36777692591646
Mon 11 Oct 2021 11:51:21 ./testinference.sh 115 alexnet 13.791038059016572 6 resnet50 44.36777692591646 13 
Mon 11 Oct 2021 11:51:21 avg_latency 6.157968436965202
Mon 11 Oct 2021 11:51:21 SLAB 5 13.791038059016572
Mon 11 Oct 2021 11:51:21 avg_latency 19.5997473880597
Mon 11 Oct 2021 11:51:21 SLAB 13 44.36777692591646
Mon 11 Oct 2021 11:51:21 ./testinference.sh 116 alexnet 13.791038059016572 5 resnet50 44.36777692591646 13 
Mon 11 Oct 2021 11:51:21 avg_latency 5.522978580976863
Mon 11 Oct 2021 11:51:21 SLAB 5 13.791038059016572
Mon 11 Oct 2021 11:51:21 avg_latency 19.61526093457944
Mon 11 Oct 2021 11:51:21 SLAB 13 44.36777692591646
Mon 11 Oct 2021 11:51:21 ./testinference.sh 117 alexnet 13.791038059016572 5 resnet50 44.36777692591646 13 
Mon 11 Oct 2021 11:51:21 observe [194.5, 5.519732005141388]
Mon 11 Oct 2021 11:51:21 resource 5 15.089587310450796
Mon 11 Oct 2021 11:51:21 observe [53.5, 19.60640523364486]
Mon 11 Oct 2021 11:51:21 resource 13 31.89631698484289
Mon 11 Oct 2021 11:51:21 ./testinference.sh 118 alexnet 15.089587310450796 5 resnet50 31.89631698484289 13 
Mon 11 Oct 2021 11:51:22 avg_latency 4.832727688195991
Mon 11 Oct 2021 11:51:22 SLAB 5 15.089587310450796
Mon 11 Oct 2021 11:51:22 avg_latency 25.959063659147866
Mon 11 Oct 2021 11:51:22 SLAB 11 31.89631698484289
Mon 11 Oct 2021 11:51:22 ./testinference.sh 119 alexnet 15.089587310450796 5 resnet50 31.89631698484289 11 
Mon 11 Oct 2021 11:51:22 avg_latency 4.834694815144766
Mon 11 Oct 2021 11:51:22 SLAB 5 15.089587310450796
Mon 11 Oct 2021 11:51:22 avg_latency 22.839426490066227
Mon 11 Oct 2021 11:51:22 SLAB 10 31.89631698484289
Mon 11 Oct 2021 11:51:22 ./testinference.sh 120 alexnet 15.089587310450796 5 resnet50 31.89631698484289 10 
Mon 11 Oct 2021 11:51:22 avg_latency 4.83213699197861
Mon 11 Oct 2021 11:51:22 SLAB 5 15.089587310450796
Mon 11 Oct 2021 11:51:22 avg_latency 20.758994388777555
Mon 11 Oct 2021 11:51:22 SLAB 10 31.89631698484289
Mon 11 Oct 2021 11:51:22 ./testinference.sh 121 alexnet 15.089587310450796 5 resnet50 31.89631698484289 10 
Mon 11 Oct 2021 11:51:22 observe [224.6, 4.831087181656278]
Mon 11 Oct 2021 11:51:22 resource 5 13.436854239047904
Mon 11 Oct 2021 11:51:23 observe [49.9, 20.755434068136275]
Mon 11 Oct 2021 11:51:23 resource 10 31.89631698484289
Mon 11 Oct 2021 11:51:23 ./testinference.sh 122 alexnet 13.436854239047904 5 resnet50 31.89631698484289 10 
Mon 11 Oct 2021 11:51:23 avg_latency 5.491998236196319
Mon 11 Oct 2021 11:51:23 SLAB 5 13.436854239047904
Mon 11 Oct 2021 11:51:23 avg_latency 20.694778400000004
Mon 11 Oct 2021 11:51:23 SLAB 10 31.89631698484289
Mon 11 Oct 2021 11:54:19 ./testinference.sh 100 alexnet 30 1 resnet50 30 1 
Mon 11 Oct 2021 11:54:20 avg_latency 1.6758222471731168
Mon 11 Oct 2021 11:54:20 SLAB 3 30
Mon 11 Oct 2021 11:54:20 avg_latency 4.287034283914321
Mon 11 Oct 2021 11:54:20 SLAB 5 30
Mon 11 Oct 2021 11:54:20 ./testinference.sh 101 alexnet 30 3 resnet50 30 5 
Mon 11 Oct 2021 11:54:20 avg_latency 2.4226973932188463
Mon 11 Oct 2021 11:54:20 SLAB 7 30
Mon 11 Oct 2021 11:54:20 avg_latency 12.230567259786477
Mon 11 Oct 2021 11:54:20 SLAB 9 30
Mon 11 Oct 2021 11:54:20 ./testinference.sh 102 alexnet 30 7 resnet50 30 9 
Mon 11 Oct 2021 11:54:21 avg_latency 3.9216986236338798
Mon 11 Oct 2021 11:54:21 SLAB 9 30
Mon 11 Oct 2021 11:54:21 avg_latency 19.98805833333333
Mon 11 Oct 2021 11:54:21 SLAB 9 30
Mon 11 Oct 2021 11:54:21 ./testinference.sh 103 alexnet 30 9 resnet50 30 9 
Mon 11 Oct 2021 11:54:21 avg_latency 4.625967304485907
Mon 11 Oct 2021 11:54:21 SLAB 10 30
Mon 11 Oct 2021 11:54:21 avg_latency 20.004166472868217
Mon 11 Oct 2021 11:54:21 SLAB 9 30
Mon 11 Oct 2021 11:54:21 ./testinference.sh 104 alexnet 30 10 resnet50 30 9 
Mon 11 Oct 2021 11:54:21 avg_latency 5.055982349371478
Mon 11 Oct 2021 11:54:21 SLAB 10 30
Mon 11 Oct 2021 11:54:21 avg_latency 19.99324680851064
Mon 11 Oct 2021 11:54:21 SLAB 9 30
Mon 11 Oct 2021 11:54:21 ./testinference.sh 105 alexnet 30 10 resnet50 30 9 
Mon 11 Oct 2021 11:54:22 observe [230.7, 5.056453060251409]
Mon 11 Oct 2021 11:54:22 resource 10 46.99609882964889
Mon 11 Oct 2021 11:54:22 observe [51.6, 20.008885465116283]
Mon 11 Oct 2021 11:54:22 resource 9 32.29974160206718
Mon 11 Oct 2021 11:54:22 ./testinference.sh 106 alexnet 46.99609882964889 10 resnet50 32.29974160206718 9 
Mon 11 Oct 2021 11:54:22 avg_latency 3.777302137846905
Mon 11 Oct 2021 11:54:22 SLAB 14 46.99609882964889
Mon 11 Oct 2021 11:54:22 avg_latency 19.338407476635513
Mon 11 Oct 2021 11:54:22 SLAB 9 32.29974160206718
Mon 11 Oct 2021 11:54:22 ./testinference.sh 107 alexnet 46.99609882964889 14 resnet50 32.29974160206718 9 
Mon 11 Oct 2021 11:54:22 avg_latency 4.740358235732936
Mon 11 Oct 2021 11:54:22 SLAB 15 46.99609882964889
Mon 11 Oct 2021 11:54:22 avg_latency 19.30890691588785
Mon 11 Oct 2021 11:54:22 SLAB 9 32.29974160206718
Mon 11 Oct 2021 11:54:22 ./testinference.sh 108 alexnet 46.99609882964889 15 resnet50 32.29974160206718 9 
Mon 11 Oct 2021 11:54:23 avg_latency 5.094832587104525
Mon 11 Oct 2021 11:54:23 SLAB 15 46.99609882964889
Mon 11 Oct 2021 11:54:23 avg_latency 19.331929158878506
Mon 11 Oct 2021 11:54:23 SLAB 9 32.29974160206718
Mon 11 Oct 2021 11:54:23 ./testinference.sh 109 alexnet 46.99609882964889 15 resnet50 32.29974160206718 9 
Mon 11 Oct 2021 11:54:23 observe [249.8, 5.0911162489991995]
Mon 11 Oct 2021 11:54:23 resource 15 81.44987077655189
Mon 11 Oct 2021 11:54:23 observe [53.5, 19.337491588785046]
Mon 11 Oct 2021 11:54:23 resource 9 32.29974160206718
Mon 11 Oct 2021 11:54:23 ./testinference.sh 110 alexnet 81.44987077655189 15 resnet50 32.29974160206718 9 
Mon 11 Oct 2021 11:54:23 avg_latency 3.8572967321527387
Mon 11 Oct 2021 11:54:23 SLAB 20 81.44987077655189
Mon 11 Oct 2021 11:54:23 avg_latency 23.024025784753363
Mon 11 Oct 2021 11:54:23 SLAB 8 32.29974160206718
Mon 11 Oct 2021 11:54:23 ./testinference.sh 111 alexnet 81.44987077655189 20 resnet50 32.29974160206718 8 
Mon 11 Oct 2021 11:54:24 avg_latency 4.833358670500677
Mon 11 Oct 2021 11:54:24 SLAB 20 81.44987077655189
Mon 11 Oct 2021 11:54:24 avg_latency 22.593979340659345
Mon 11 Oct 2021 11:54:24 SLAB 8 32.29974160206718
Mon 11 Oct 2021 11:54:24 ./testinference.sh 112 alexnet 81.44987077655189 20 resnet50 32.29974160206718 8 
Mon 11 Oct 2021 11:54:24 observe [295.3, 4.8398334845919395]
Mon 11 Oct 2021 11:54:24 resource 20 13.791038059016572
Mon 11 Oct 2021 11:54:24 observe [45.5, 22.639804175824178]
Mon 11 Oct 2021 11:54:24 resource 8 44.36777692591646
Mon 11 Oct 2021 11:54:24 ./testinference.sh 113 alexnet 13.791038059016572 20 resnet50 44.36777692591646 8 
Mon 11 Oct 2021 11:54:24 avg_latency 15.394259666203057
Mon 11 Oct 2021 11:54:24 SLAB 7 13.791038059016572
Mon 11 Oct 2021 11:54:24 avg_latency 13.099283375
Mon 11 Oct 2021 11:54:24 SLAB 13 44.36777692591646
Mon 11 Oct 2021 11:54:24 ./testinference.sh 114 alexnet 13.791038059016572 7 resnet50 44.36777692591646 13 
Mon 11 Oct 2021 11:54:24 avg_latency 6.8366730113636365
Mon 11 Oct 2021 11:54:24 SLAB 6 13.791038059016572
Mon 11 Oct 2021 11:54:24 avg_latency 19.61375308411215
Mon 11 Oct 2021 11:54:24 SLAB 13 44.36777692591646
Mon 11 Oct 2021 11:54:24 ./testinference.sh 115 alexnet 13.791038059016572 6 resnet50 44.36777692591646 13 
Mon 11 Oct 2021 11:54:25 avg_latency 6.157968436965202
Mon 11 Oct 2021 11:54:25 SLAB 5 13.791038059016572
Mon 11 Oct 2021 11:54:25 avg_latency 19.5997473880597
Mon 11 Oct 2021 11:54:25 SLAB 13 44.36777692591646
Mon 11 Oct 2021 11:54:25 ./testinference.sh 116 alexnet 13.791038059016572 5 resnet50 44.36777692591646 13 
Mon 11 Oct 2021 11:54:25 avg_latency 5.522978580976863
Mon 11 Oct 2021 11:54:25 SLAB 5 13.791038059016572
Mon 11 Oct 2021 11:54:25 avg_latency 19.61526093457944
Mon 11 Oct 2021 11:54:25 SLAB 13 44.36777692591646
Mon 11 Oct 2021 11:54:25 ./testinference.sh 117 alexnet 13.791038059016572 5 resnet50 44.36777692591646 13 
Mon 11 Oct 2021 11:54:25 observe [194.5, 5.519732005141388]
Mon 11 Oct 2021 11:54:25 resource 5 15.089587310450796
Mon 11 Oct 2021 11:54:25 observe [53.5, 19.60640523364486]
Mon 11 Oct 2021 11:54:25 resource 13 31.89631698484289
Mon 11 Oct 2021 11:54:25 ./testinference.sh 118 alexnet 15.089587310450796 5 resnet50 31.89631698484289 13 
Mon 11 Oct 2021 11:54:25 avg_latency 4.832727688195991
Mon 11 Oct 2021 11:54:25 SLAB 5 15.089587310450796
Mon 11 Oct 2021 11:54:25 avg_latency 25.959063659147866
Mon 11 Oct 2021 11:54:25 SLAB 11 31.89631698484289
Mon 11 Oct 2021 11:54:25 ./testinference.sh 119 alexnet 15.089587310450796 5 resnet50 31.89631698484289 11 
Mon 11 Oct 2021 11:54:26 avg_latency 4.834694815144766
Mon 11 Oct 2021 11:54:26 SLAB 5 15.089587310450796
Mon 11 Oct 2021 11:54:26 avg_latency 22.839426490066227
Mon 11 Oct 2021 11:54:26 SLAB 10 31.89631698484289
Mon 11 Oct 2021 11:54:26 ./testinference.sh 120 alexnet 15.089587310450796 5 resnet50 31.89631698484289 10 
Mon 11 Oct 2021 11:54:26 avg_latency 4.83213699197861
Mon 11 Oct 2021 11:54:26 SLAB 5 15.089587310450796
Mon 11 Oct 2021 11:54:26 avg_latency 20.758994388777555
Mon 11 Oct 2021 11:54:26 SLAB 10 31.89631698484289
Mon 11 Oct 2021 11:54:26 ./testinference.sh 121 alexnet 15.089587310450796 5 resnet50 31.89631698484289 10 
Mon 11 Oct 2021 11:54:26 observe [224.6, 4.831087181656278]
Mon 11 Oct 2021 11:54:26 resource 5 13.436854239047904
Mon 11 Oct 2021 11:54:26 observe [49.9, 20.755434068136275]
Mon 11 Oct 2021 11:54:26 resource 10 31.89631698484289
Mon 11 Oct 2021 11:54:26 ./testinference.sh 122 alexnet 13.436854239047904 5 resnet50 31.89631698484289 10 
Mon 11 Oct 2021 11:54:27 avg_latency 5.491998236196319
Mon 11 Oct 2021 11:54:27 SLAB 5 13.436854239047904
Mon 11 Oct 2021 11:54:27 avg_latency 20.694778400000004
Mon 11 Oct 2021 11:54:27 SLAB 10 31.89631698484289
Mon 11 Oct 2021 12:05:31 ./testinference.sh 100 alexnet 30 1 resnet50 30 1 
Mon 11 Oct 2021 12:05:32 ./testinference.sh 101 alexnet 30 3 resnet50 30 5 
Mon 11 Oct 2021 12:05:32 ./testinference.sh 102 alexnet 30 7 resnet50 30 9 
Mon 11 Oct 2021 12:05:33 ./testinference.sh 103 alexnet 30 9 resnet50 30 9 
Mon 11 Oct 2021 12:05:33 ./testinference.sh 104 alexnet 30 10 resnet50 30 9 
Mon 11 Oct 2021 12:05:33 ./testinference.sh 105 alexnet 30 10 resnet50 30 9 
Mon 11 Oct 2021 12:05:34 ./testinference.sh 106 alexnet 46.99609882964889 10 resnet50 32.29974160206718 9 
Mon 11 Oct 2021 12:05:34 ./testinference.sh 107 alexnet 46.99609882964889 14 resnet50 32.29974160206718 9 
Mon 11 Oct 2021 12:05:34 ./testinference.sh 108 alexnet 46.99609882964889 15 resnet50 32.29974160206718 9 
Mon 11 Oct 2021 12:05:35 ./testinference.sh 109 alexnet 46.99609882964889 15 resnet50 32.29974160206718 9 
Mon 11 Oct 2021 12:05:35 ./testinference.sh 110 alexnet 81.44987077655189 15 resnet50 32.29974160206718 9 
Mon 11 Oct 2021 12:05:35 ./testinference.sh 111 alexnet 81.44987077655189 20 resnet50 32.29974160206718 8 
Mon 11 Oct 2021 12:05:36 ./testinference.sh 112 alexnet 81.44987077655189 20 resnet50 32.29974160206718 8 
Mon 11 Oct 2021 12:05:36 ./testinference.sh 113 alexnet 13.791038059016572 20 resnet50 44.36777692591646 8 
Mon 11 Oct 2021 12:05:36 ./testinference.sh 114 alexnet 13.791038059016572 7 resnet50 44.36777692591646 13 
Mon 11 Oct 2021 12:05:36 ./testinference.sh 115 alexnet 13.791038059016572 6 resnet50 44.36777692591646 13 
Mon 11 Oct 2021 12:06:17 ./testinference.sh 100 alexnet 30 1 resnet50 30 1 
Mon 11 Oct 2021 12:06:18 ./testinference.sh 101 alexnet 30 3 resnet50 30 5 
Mon 11 Oct 2021 12:06:19 ./testinference.sh 102 alexnet 30 7 resnet50 30 9 
Mon 11 Oct 2021 12:06:19 ./testinference.sh 103 alexnet 30 9 resnet50 30 9 
Mon 11 Oct 2021 12:06:19 ./testinference.sh 104 alexnet 30 10 resnet50 30 9 
Mon 11 Oct 2021 12:06:19 ./testinference.sh 105 alexnet 30 10 resnet50 30 9 
Mon 11 Oct 2021 12:07:14 ./testinference.sh 100 alexnet 30 1 resnet50 30 1 
Mon 11 Oct 2021 12:07:15 ./testinference.sh 101 alexnet 30 3 resnet50 30 5 
Mon 11 Oct 2021 12:07:16 ./testinference.sh 102 alexnet 30 7 resnet50 30 9 
Mon 11 Oct 2021 12:07:16 ./testinference.sh 103 alexnet 30 9 resnet50 30 9 
Mon 11 Oct 2021 12:08:16 ./testinference.sh 100 alexnet 30 1 resnet50 30 1 
Mon 11 Oct 2021 12:08:17 ./testinference.sh 101 alexnet 30 3 resnet50 30 5 
Mon 11 Oct 2021 12:11:14 ./testinference.sh 100 alexnet 30 1 resnet50 30 1 
Mon 11 Oct 2021 12:11:15 ./testinference.sh 101 alexnet 30 3 resnet50 30 5 
Mon 11 Oct 2021 12:11:15 ./testinference.sh 102 alexnet 30 7 resnet50 30 9 
Mon 11 Oct 2021 12:11:16 ./testinference.sh 103 alexnet 30 9 resnet50 30 9 
Mon 11 Oct 2021 12:12:33 ./testinference.sh 100 alexnet 30 1 resnet50 30 1 
Mon 11 Oct 2021 12:12:34 ./testinference.sh 101 alexnet 30 3 resnet50 30 5 
Mon 11 Oct 2021 12:16:39 ./testinference.sh 100 alexnet 30 1 resnet50 30 1 
Mon 11 Oct 2021 12:16:40 ./testinference.sh 101 alexnet 30 3 resnet50 30 5 
Mon 11 Oct 2021 12:16:41 ./testinference.sh 102 alexnet 30 7 resnet50 30 9 
Mon 11 Oct 2021 12:17:02 ./testinference.sh 100 alexnet 30 1 resnet50 30 1 
Mon 11 Oct 2021 12:17:03 ./testinference.sh 101 alexnet 30 3 resnet50 30 5 
Mon 11 Oct 2021 12:17:03 ./testinference.sh 102 alexnet 30 7 resnet50 30 9 
Mon 11 Oct 2021 12:17:04 ./testinference.sh 103 alexnet 30 9 resnet50 30 9 
Mon 11 Oct 2021 12:17:37 ./testinference.sh 100 alexnet 30 1 resnet50 30 1 
Mon 11 Oct 2021 12:17:37 ./testinference.sh 101 alexnet 30 3 resnet50 30 5 
Mon 11 Oct 2021 12:17:38 ./testinference.sh 102 alexnet 30 7 resnet50 30 9 
Mon 11 Oct 2021 12:17:38 ./testinference.sh 103 alexnet 30 9 resnet50 30 9 
Mon 11 Oct 2021 12:17:39 ./testinference.sh 104 alexnet 30 10 resnet50 30 9 
Mon 11 Oct 2021 12:18:30 ./testinference.sh 100 alexnet 30 1 resnet50 30 1 
Mon 11 Oct 2021 12:18:31 ./testinference.sh 101 alexnet 30 3 resnet50 30 5 
Mon 11 Oct 2021 12:18:32 ./testinference.sh 102 alexnet 30 7 resnet50 30 9 
Mon 11 Oct 2021 12:18:32 ./testinference.sh 103 alexnet 30 9 resnet50 30 9 
Mon 11 Oct 2021 12:18:33 ./testinference.sh 104 alexnet 30 10 resnet50 30 9 
Mon 11 Oct 2021 12:18:33 ./testinference.sh 105 alexnet 30 10 resnet50 30 9 
Mon 11 Oct 2021 12:18:33 ./testinference.sh 106 alexnet 46.99609882964889 10 resnet50 32.29974160206718 9 
Mon 11 Oct 2021 12:18:34 ./testinference.sh 107 alexnet 46.99609882964889 14 resnet50 32.29974160206718 9 
Mon 11 Oct 2021 12:18:34 ./testinference.sh 108 alexnet 46.99609882964889 15 resnet50 32.29974160206718 9 
Mon 11 Oct 2021 12:18:34 ./testinference.sh 109 alexnet 46.99609882964889 15 resnet50 32.29974160206718 9 
Mon 11 Oct 2021 12:18:35 ./testinference.sh 110 alexnet 81.44987077655189 15 resnet50 32.29974160206718 9 
Mon 11 Oct 2021 12:18:35 ./testinference.sh 111 alexnet 81.44987077655189 20 resnet50 32.29974160206718 8 
Mon 11 Oct 2021 12:19:24 ./testinference.sh 100 alexnet 30 1 resnet50 30 1 
Mon 11 Oct 2021 12:19:24 ./testinference.sh 101 alexnet 30 3 resnet50 30 5 
Mon 11 Oct 2021 12:19:25 ./testinference.sh 102 alexnet 30 7 resnet50 30 9 
Mon 11 Oct 2021 12:19:25 ./testinference.sh 103 alexnet 30 9 resnet50 30 9 
Mon 11 Oct 2021 12:19:26 ./testinference.sh 104 alexnet 30 10 resnet50 30 9 
Mon 11 Oct 2021 12:19:26 ./testinference.sh 105 alexnet 30 10 resnet50 30 9 
Mon 11 Oct 2021 12:19:26 ./testinference.sh 106 alexnet 46.99609882964889 10 resnet50 32.29974160206718 9 
Mon 11 Oct 2021 12:19:27 ./testinference.sh 107 alexnet 46.99609882964889 14 resnet50 32.29974160206718 9 
Mon 11 Oct 2021 12:19:27 ./testinference.sh 108 alexnet 46.99609882964889 15 resnet50 32.29974160206718 9 
Mon 11 Oct 2021 12:20:04 ./testinference.sh 100 alexnet 30 1 resnet50 30 1 
Mon 11 Oct 2021 12:20:05 ./testinference.sh 101 alexnet 30 3 resnet50 30 5 
Mon 11 Oct 2021 12:20:05 ./testinference.sh 102 alexnet 30 7 resnet50 30 9 
Mon 11 Oct 2021 12:20:06 ./testinference.sh 103 alexnet 30 9 resnet50 30 9 
Mon 11 Oct 2021 12:20:13 ./testinference.sh 100 alexnet 30 1 resnet50 30 1 
Mon 11 Oct 2021 12:20:14 ./testinference.sh 101 alexnet 30 3 resnet50 30 5 
Mon 11 Oct 2021 12:20:14 ./testinference.sh 102 alexnet 30 7 resnet50 30 9 
Mon 11 Oct 2021 12:20:15 ./testinference.sh 103 alexnet 30 9 resnet50 30 9 
Mon 11 Oct 2021 12:20:15 ./testinference.sh 104 alexnet 30 10 resnet50 30 9 
Mon 11 Oct 2021 12:20:15 ./testinference.sh 105 alexnet 30 10 resnet50 30 9 
Mon 11 Oct 2021 12:20:16 ./testinference.sh 106 alexnet 46.99609882964889 10 resnet50 32.29974160206718 9 
Mon 11 Oct 2021 12:20:16 ./testinference.sh 107 alexnet 46.99609882964889 14 resnet50 32.29974160206718 9 
Mon 11 Oct 2021 12:20:16 ./testinference.sh 108 alexnet 46.99609882964889 15 resnet50 32.29974160206718 9 
Mon 11 Oct 2021 12:20:17 ./testinference.sh 109 alexnet 46.99609882964889 15 resnet50 32.29974160206718 9 
Mon 11 Oct 2021 12:20:17 ./testinference.sh 110 alexnet 81.44987077655189 15 resnet50 32.29974160206718 9 
Mon 11 Oct 2021 12:20:17 ./testinference.sh 111 alexnet 81.44987077655189 20 resnet50 32.29974160206718 8 
Mon 11 Oct 2021 12:20:18 ./testinference.sh 112 alexnet 81.44987077655189 20 resnet50 32.29974160206718 8 
Mon 11 Oct 2021 12:20:18 ./testinference.sh 113 alexnet 13.791038059016572 20 resnet50 44.36777692591646 8 
Mon 11 Oct 2021 12:20:18 ./testinference.sh 114 alexnet 13.791038059016572 7 resnet50 44.36777692591646 13 
Mon 11 Oct 2021 12:20:18 ./testinference.sh 115 alexnet 13.791038059016572 6 resnet50 44.36777692591646 13 
Mon 11 Oct 2021 12:20:19 ./testinference.sh 116 alexnet 13.791038059016572 5 resnet50 44.36777692591646 13 
Mon 11 Oct 2021 12:20:19 ./testinference.sh 117 alexnet 13.791038059016572 5 resnet50 44.36777692591646 13 
Mon 11 Oct 2021 12:20:19 ./testinference.sh 118 alexnet 15.089587310450796 5 resnet50 31.89631698484289 13 
Mon 11 Oct 2021 12:20:19 ./testinference.sh 119 alexnet 15.089587310450796 5 resnet50 31.89631698484289 11 
Mon 11 Oct 2021 12:20:20 ./testinference.sh 120 alexnet 15.089587310450796 5 resnet50 31.89631698484289 10 
Mon 11 Oct 2021 12:20:20 ./testinference.sh 121 alexnet 15.089587310450796 5 resnet50 31.89631698484289 10 
Mon 11 Oct 2021 12:20:20 ./testinference.sh 122 alexnet 13.436854239047904 5 resnet50 31.89631698484289 10 
Mon 11 Oct 2021 12:25:46 ./testinference.sh 100 alexnet 30 1 resnet50 30 1 
Mon 11 Oct 2021 12:25:47 ./testinference.sh 101 alexnet 30 3 resnet50 30 5 
Mon 11 Oct 2021 12:25:47 ./testinference.sh 102 alexnet 30 7 resnet50 30 9 
Mon 11 Oct 2021 12:25:48 ./testinference.sh 103 alexnet 30 9 resnet50 30 9 
Mon 11 Oct 2021 12:25:48 ./testinference.sh 104 alexnet 30 10 resnet50 30 9 
Mon 11 Oct 2021 12:25:48 ./testinference.sh 105 alexnet 30 10 resnet50 30 9 
Mon 11 Oct 2021 12:25:49 ./testinference.sh 106 alexnet 46.99609882964889 10 resnet50 32.29974160206718 9 
Mon 11 Oct 2021 12:25:49 ./testinference.sh 107 alexnet 46.99609882964889 14 resnet50 32.29974160206718 9 
Mon 11 Oct 2021 12:25:49 ./testinference.sh 108 alexnet 46.99609882964889 15 resnet50 32.29974160206718 9 
Mon 11 Oct 2021 12:25:50 ./testinference.sh 109 alexnet 46.99609882964889 15 resnet50 32.29974160206718 9 
Mon 11 Oct 2021 12:25:50 ./testinference.sh 110 alexnet 81.44987077655189 15 resnet50 32.29974160206718 9 
Mon 11 Oct 2021 12:25:50 ./testinference.sh 111 alexnet 81.44987077655189 20 resnet50 32.29974160206718 8 
Mon 11 Oct 2021 12:25:51 ./testinference.sh 112 alexnet 81.44987077655189 20 resnet50 32.29974160206718 8 
Mon 11 Oct 2021 12:25:51 ./testinference.sh 113 alexnet 13.791038059016572 20 resnet50 44.36777692591646 8 
Mon 11 Oct 2021 12:25:51 ./testinference.sh 114 alexnet 13.791038059016572 7 resnet50 44.36777692591646 13 
Mon 11 Oct 2021 12:25:51 ./testinference.sh 115 alexnet 13.791038059016572 6 resnet50 44.36777692591646 13 
Mon 11 Oct 2021 12:25:52 ./testinference.sh 116 alexnet 13.791038059016572 5 resnet50 44.36777692591646 13 
Mon 11 Oct 2021 12:25:52 ./testinference.sh 117 alexnet 13.791038059016572 5 resnet50 44.36777692591646 13 
Mon 11 Oct 2021 12:25:52 ./testinference.sh 118 alexnet 15.089587310450796 5 resnet50 31.89631698484289 13 
Mon 11 Oct 2021 12:25:52 ./testinference.sh 119 alexnet 15.089587310450796 5 resnet50 31.89631698484289 11 
Mon 11 Oct 2021 12:25:53 ./testinference.sh 120 alexnet 15.089587310450796 5 resnet50 31.89631698484289 10 
Mon 11 Oct 2021 12:25:53 ./testinference.sh 121 alexnet 15.089587310450796 5 resnet50 31.89631698484289 10 
Mon 11 Oct 2021 12:25:53 ./testinference.sh 122 alexnet 13.436854239047904 5 resnet50 31.89631698484289 10 
Mon 11 Oct 2021 12:27:13 ./testinference.sh 100 alexnet 30 1 resnet50 30 1 
Mon 11 Oct 2021 12:27:14 ./testinference.sh 101 alexnet 30 3 resnet50 30 5 
Mon 11 Oct 2021 12:27:14 ./testinference.sh 102 alexnet 30 7 resnet50 30 9 
Mon 11 Oct 2021 12:27:15 ./testinference.sh 103 alexnet 30 9 resnet50 30 9 
Mon 11 Oct 2021 12:27:15 ./testinference.sh 104 alexnet 30 10 resnet50 30 9 
Mon 11 Oct 2021 12:27:15 ./testinference.sh 105 alexnet 30 10 resnet50 30 9 
Mon 11 Oct 2021 12:27:16 ./testinference.sh 106 alexnet 46.99609882964889 10 resnet50 32.29974160206718 9 
Mon 11 Oct 2021 12:27:16 ./testinference.sh 107 alexnet 46.99609882964889 14 resnet50 32.29974160206718 9 
Mon 11 Oct 2021 12:27:16 ./testinference.sh 108 alexnet 46.99609882964889 15 resnet50 32.29974160206718 9 
Mon 11 Oct 2021 12:27:17 ./testinference.sh 109 alexnet 46.99609882964889 15 resnet50 32.29974160206718 9 
Mon 11 Oct 2021 12:27:17 ./testinference.sh 110 alexnet 81.44987077655189 15 resnet50 32.29974160206718 9 
Mon 11 Oct 2021 12:27:17 ./testinference.sh 111 alexnet 81.44987077655189 20 resnet50 32.29974160206718 8 
Mon 11 Oct 2021 12:27:18 ./testinference.sh 112 alexnet 81.44987077655189 20 resnet50 32.29974160206718 8 
Mon 11 Oct 2021 12:27:18 ./testinference.sh 113 alexnet 13.791038059016572 20 resnet50 44.36777692591646 8 
Mon 11 Oct 2021 12:27:18 ./testinference.sh 114 alexnet 13.791038059016572 7 resnet50 44.36777692591646 13 
Mon 11 Oct 2021 12:27:19 ./testinference.sh 115 alexnet 13.791038059016572 6 resnet50 44.36777692591646 13 
Mon 11 Oct 2021 12:27:19 ./testinference.sh 116 alexnet 13.791038059016572 5 resnet50 44.36777692591646 13 
Mon 11 Oct 2021 12:27:19 ./testinference.sh 117 alexnet 13.791038059016572 5 resnet50 44.36777692591646 13 
Mon 11 Oct 2021 12:27:19 ./testinference.sh 118 alexnet 15.089587310450796 5 resnet50 31.89631698484289 13 
Mon 11 Oct 2021 12:27:20 ./testinference.sh 119 alexnet 15.089587310450796 5 resnet50 31.89631698484289 11 
Mon 11 Oct 2021 12:27:20 ./testinference.sh 120 alexnet 15.089587310450796 5 resnet50 31.89631698484289 10 
Mon 11 Oct 2021 12:27:20 ./testinference.sh 121 alexnet 15.089587310450796 5 resnet50 31.89631698484289 10 
Mon 11 Oct 2021 12:27:20 ./testinference.sh 122 alexnet 13.436854239047904 5 resnet50 31.89631698484289 10 
Tue 12 Oct 2021 01:42:26 ./testinference.sh 100 alexnet 30 1 resnet50 30 1 
Tue 12 Oct 2021 01:44:01 ./testinference.sh 100 alexnet 30 1 resnet50 30 1 
Tue 12 Oct 2021 01:44:40 ./testinference.sh 101 alexnet 30 3 resnet50 30 5 
Tue 12 Oct 2021 01:45:17 ./testinference.sh 102 alexnet 30 7 resnet50 30 9 
Tue 12 Oct 2021 01:45:55 ./testinference.sh 103 alexnet 30 9 resnet50 30 9 
Tue 12 Oct 2021 01:46:32 ./testinference.sh 104 alexnet 30 10 resnet50 30 9 
Tue 12 Oct 2021 01:47:09 ./testinference.sh 105 alexnet 30 10 resnet50 30 9 
Tue 12 Oct 2021 01:47:46 ./testinference.sh 106 alexnet 46.97916666666667 10 resnet50 32.29974160206718 9 
Tue 12 Oct 2021 01:48:24 ./testinference.sh 107 alexnet 46.97916666666667 14 resnet50 32.29974160206718 9 
Tue 12 Oct 2021 01:49:01 ./testinference.sh 108 alexnet 46.97916666666667 14 resnet50 32.29974160206718 9 
Tue 12 Oct 2021 01:49:38 ./testinference.sh 109 alexnet 12.567995362939186 14 resnet50 32.29974160206718 9 
Tue 12 Oct 2021 01:50:15 ./testinference.sh 110 alexnet 12.567995362939186 7 resnet50 32.29974160206718 10 
Tue 12 Oct 2021 01:50:53 ./testinference.sh 111 alexnet 12.567995362939186 6 resnet50 32.29974160206718 10 
Tue 12 Oct 2021 01:51:30 ./testinference.sh 112 alexnet 12.567995362939186 5 resnet50 32.29974160206718 10 
Tue 12 Oct 2021 01:52:07 ./testinference.sh 113 alexnet 12.567995362939186 5 resnet50 32.29974160206718 10 
Tue 12 Oct 2021 01:52:44 ./testinference.sh 114 alexnet 13.747950923449784 5 resnet50 32.29974160206718 10 
Tue 12 Oct 2021 01:53:22 ./testinference.sh 115 alexnet 13.747950923449784 5 resnet50 32.29974160206718 10 
Tue 12 Oct 2021 01:53:59 ./testinference.sh 116 alexnet 15.040657114377828 5 resnet50 32.29974160206718 10 
Tue 12 Oct 2021 01:54:36 ./testinference.sh 117 alexnet 15.040657114377828 5 resnet50 32.29974160206718 10 
Tue 12 Oct 2021 01:55:13 ./testinference.sh 118 alexnet 13.435155975326332 5 resnet50 32.29974160206718 10 
Tue 12 Oct 2021 01:55:50 ./testinference.sh 119 alexnet 13.435155975326332 5 resnet50 32.29974160206718 10 
Tue 12 Oct 2021 01:56:28 ./testinference.sh 120 alexnet 14.690488418778584 5 resnet50 32.29974160206718 10 
Tue 12 Oct 2021 01:57:05 ./testinference.sh 121 alexnet 14.690488418778584 5 resnet50 32.29974160206718 10 
Tue 12 Oct 2021 01:57:42 ./testinference.sh 122 alexnet 16.041167069002185 5 resnet50 32.29974160206718 10 
Tue 12 Oct 2021 01:58:19 ./testinference.sh 123 alexnet 16.041167069002185 5 resnet50 32.29974160206718 10 
Tue 12 Oct 2021 01:58:57 ./testinference.sh 124 alexnet 14.316079490408018 5 resnet50 32.29974160206718 10 
Tue 12 Oct 2021 01:59:34 ./testinference.sh 125 alexnet 14.316079490408018 5 resnet50 32.29974160206718 10 
Tue 12 Oct 2021 02:00:11 ./testinference.sh 126 alexnet 15.657068752224724 5 resnet50 32.29974160206718 10 
Tue 12 Oct 2021 02:00:48 ./testinference.sh 127 alexnet 15.657068752224724 5 resnet50 32.29974160206718 10 
Tue 12 Oct 2021 02:01:25 ./testinference.sh 128 alexnet 13.973287596809215 5 resnet50 32.29974160206718 10 
Tue 12 Oct 2021 02:39:30 ./testinference.sh 100 alexnet 30 1 resnet50 30 1 vgg19 30 1 
