Tue 12 Oct 2021 02:40:06 ./testinference.sh 150 alexnet 30 1 resnet50 30 1 vgg19 30 1 
Tue 12 Oct 2021 02:40:49 ./testinference.sh 151 alexnet 30 32 resnet50 30 32 vgg19 30 25 
Tue 12 Oct 2021 02:41:31 ./testinference.sh 152 alexnet 30 32 resnet50 30 32 vgg19 30 32 
Tue 12 Oct 2021 02:42:13 ./testinference.sh 153 alexnet 30 32 resnet50 30 32 vgg19 30 32 
Tue 12 Oct 2021 02:42:55 ./testinference.sh 154 alexnet -2105.0274257379547 32 resnet50 -110.7211350140887 32 vgg19 6.81818181818182 32 
Tue 12 Oct 2021 02:43:38 ./testinference.sh 155 alexnet -2105.0274257379547 32 resnet50 -110.7211350140887 32 vgg19 6.81818181818182 10 
Tue 12 Oct 2021 02:44:20 ./testinference.sh 156 alexnet -2105.0274257379547 32 resnet50 -110.7211350140887 32 vgg19 6.81818181818182 10 
Tue 12 Oct 2021 02:45:02 ./testinference.sh 157 alexnet 100 32 resnet50 -17.300177345951354 32 vgg19 7.575757575757578 10 
Tue 12 Oct 2021 02:45:44 ./testinference.sh 158 alexnet 100 32 resnet50 -17.300177345951354 32 vgg19 7.575757575757578 11 
Tue 12 Oct 2021 02:46:26 ./testinference.sh 159 alexnet 100 32 resnet50 -17.300177345951354 32 vgg19 7.575757575757578 11 
Tue 12 Oct 2021 02:47:08 ./testinference.sh 160 alexnet -8925.066336528975 32 resnet50 100 32 vgg19 9.529431607353688 11 
Tue 12 Oct 2021 02:47:50 ./testinference.sh 161 alexnet -8925.066336528975 32 resnet50 100 32 vgg19 9.529431607353688 11 
Tue 12 Oct 2021 02:48:32 ./testinference.sh 162 alexnet 100 32 resnet50 -1159.4826284204248 32 vgg19 6.794603641606908 11 
Tue 12 Oct 2021 02:49:14 ./testinference.sh 163 alexnet 100 32 resnet50 -1159.4826284204248 32 vgg19 6.794603641606908 9 
Tue 12 Oct 2021 02:49:56 ./testinference.sh 164 alexnet 100 32 resnet50 -1159.4826284204248 32 vgg19 6.794603641606908 9 
Tue 12 Oct 2021 02:50:38 ./testinference.sh 165 alexnet -9054.286380885205 32 resnet50 100 32 vgg19 7.40699441480076 9 
Tue 12 Oct 2021 02:51:20 ./testinference.sh 166 alexnet -9054.286380885205 32 resnet50 100 32 vgg19 7.40699441480076 9 
Tue 12 Oct 2021 02:52:02 ./testinference.sh 167 alexnet 100 32 resnet50 -1219.52376309692 32 vgg19 7.819784737897387 9 
Tue 12 Oct 2021 02:52:44 ./testinference.sh 168 alexnet 100 32 resnet50 -1219.52376309692 32 vgg19 7.819784737897387 11 
Tue 12 Oct 2021 02:53:26 ./testinference.sh 169 alexnet 100 32 resnet50 -1219.52376309692 32 vgg19 7.819784737897387 11 
Tue 12 Oct 2021 02:54:08 ./testinference.sh 170 alexnet -8970.001237453233 32 resnet50 100 32 vgg19 5.80317976838396 11 
Tue 12 Oct 2021 02:54:50 ./testinference.sh 171 alexnet -8970.001237453233 32 resnet50 100 32 vgg19 5.80317976838396 9 
Tue 12 Oct 2021 02:55:32 ./testinference.sh 172 alexnet -8970.001237453233 32 resnet50 100 32 vgg19 5.80317976838396 9 
Tue 12 Oct 2021 02:56:14 ./testinference.sh 173 alexnet 100 32 resnet50 -1230.3580827381488 32 vgg19 6.118719093851646 9 
Tue 12 Oct 2021 02:56:56 ./testinference.sh 174 alexnet 100 32 resnet50 -1230.3580827381488 32 vgg19 6.118719093851646 9 
Tue 12 Oct 2021 02:57:38 ./testinference.sh 175 alexnet -9105.702041016237 32 resnet50 100 32 vgg19 6.70082951698825 9 
Tue 12 Oct 2021 02:58:20 ./testinference.sh 176 alexnet -9105.702041016237 32 resnet50 100 32 vgg19 6.70082951698825 9 
Tue 12 Oct 2021 02:59:02 ./testinference.sh 177 alexnet 100 32 resnet50 -1221.9691684269612 32 vgg19 7.079739275060415 9 
Tue 12 Oct 2021 03:04:55 ./testinference.sh 150 alexnet 30 1 resnet50 30 1 vgg19 30 1 
Tue 12 Oct 2021 03:05:37 ./testinference.sh 151 alexnet 30 32 resnet50 30 32 vgg19 30 25 
Tue 12 Oct 2021 03:06:19 ./testinference.sh 152 alexnet 30 32 resnet50 30 32 vgg19 30 32 
Tue 12 Oct 2021 03:07:01 ./testinference.sh 153 alexnet 30 32 resnet50 30 32 vgg19 30 32 
Tue 12 Oct 2021 03:07:43 ./testinference.sh 154 alexnet 1 32 resnet50 1 32 vgg19 6.696428571428569 32 
Tue 12 Oct 2021 03:08:26 ./testinference.sh 155 alexnet 1 32 resnet50 1 18 vgg19 6.696428571428569 10 
Tue 12 Oct 2021 03:09:08 ./testinference.sh 156 alexnet 1 32 resnet50 1 18 vgg19 6.696428571428569 10 
Tue 12 Oct 2021 03:09:50 ./testinference.sh 157 alexnet 1 32 resnet50 1.537037037037037 18 vgg19 7.569875776397513 10 
Tue 12 Oct 2021 03:10:32 ./testinference.sh 158 alexnet 1 32 resnet50 1.537037037037037 18 vgg19 7.569875776397513 13 
Tue 12 Oct 2021 03:11:13 ./testinference.sh 159 alexnet 1 32 resnet50 1.537037037037037 18 vgg19 7.569875776397513 13 
Tue 12 Oct 2021 03:11:55 ./testinference.sh 160 alexnet 1 32 resnet50 2.362482853223594 18 vgg19 10.184022730276196 13 
Tue 12 Oct 2021 03:12:37 ./testinference.sh 161 alexnet 1 32 resnet50 2.362482853223594 18 vgg19 10.184022730276196 16 
Tue 12 Oct 2021 03:13:18 ./testinference.sh 162 alexnet 1 32 resnet50 2.362482853223594 18 vgg19 10.184022730276196 16 
Tue 12 Oct 2021 03:14:00 ./testinference.sh 163 alexnet 1 32 resnet50 3.631223644769598 18 vgg19 15.063866955200206 16 
Tue 12 Oct 2021 03:14:42 ./testinference.sh 164 alexnet 1 32 resnet50 3.631223644769598 32 vgg19 15.063866955200206 22 
Tue 12 Oct 2021 03:15:24 ./testinference.sh 165 alexnet 1 32 resnet50 3.631223644769598 32 vgg19 15.063866955200206 22 
Tue 12 Oct 2021 03:16:05 ./testinference.sh 166 alexnet 1 32 resnet50 1 32 vgg19 24.538172888062675 22 
Tue 12 Oct 2021 03:16:47 ./testinference.sh 167 alexnet 1 32 resnet50 1 18 vgg19 24.538172888062675 32 
Tue 12 Oct 2021 03:17:29 ./testinference.sh 168 alexnet 1 32 resnet50 1 18 vgg19 24.538172888062675 32 
Tue 12 Oct 2021 03:18:11 ./testinference.sh 169 alexnet 1 32 resnet50 1.537037037037037 18 vgg19 42.686196586525696 32 
Tue 12 Oct 2021 03:18:53 ./testinference.sh 170 alexnet 1 32 resnet50 1.537037037037037 18 vgg19 42.686196586525696 32 
Tue 12 Oct 2021 03:19:34 ./testinference.sh 171 alexnet 1 32 resnet50 2.3315441044909644 18 vgg19 6.133074222201969 32 
Tue 12 Oct 2021 03:20:18 ./testinference.sh 172 alexnet 1 32 resnet50 2.3315441044909644 18 vgg19 6.133074222201969 10 
Tue 12 Oct 2021 03:21:00 ./testinference.sh 173 alexnet 1 32 resnet50 2.3315441044909644 18 vgg19 6.133074222201969 10 
Tue 12 Oct 2021 03:21:42 ./testinference.sh 174 alexnet 1 32 resnet50 3.5836696420879637 18 vgg19 6.933040425097879 10 
Tue 12 Oct 2021 03:22:23 ./testinference.sh 175 alexnet 1 32 resnet50 3.5836696420879637 32 vgg19 6.933040425097879 10 
Tue 12 Oct 2021 03:23:05 ./testinference.sh 176 alexnet 1 32 resnet50 3.5836696420879637 32 vgg19 6.933040425097879 10 
Tue 12 Oct 2021 03:23:47 ./testinference.sh 177 alexnet 1 32 resnet50 1 32 vgg19 7.837350045762819 10 
Tue 12 Oct 2021 03:24:28 ./testinference.sh 178 alexnet 1 32 resnet50 1 18 vgg19 7.837350045762819 13 
Tue 12 Oct 2021 03:25:10 ./testinference.sh 179 alexnet 1 32 resnet50 1 18 vgg19 7.837350045762819 13 
Tue 12 Oct 2021 03:25:52 ./testinference.sh 180 alexnet 1 32 resnet50 1.537037037037037 18 vgg19 10.54386536434867 13 
Tue 12 Oct 2021 03:26:33 ./testinference.sh 181 alexnet 1 32 resnet50 1.537037037037037 18 vgg19 10.54386536434867 16 
Tue 12 Oct 2021 03:36:09 ./testinference.sh 150 alexnet 30 1 resnet50 30 1 vgg19 30 1 
Tue 12 Oct 2021 03:36:10 ./testinference.sh 151 alexnet 30 32 resnet50 30 32 vgg19 30 25 
Tue 12 Oct 2021 03:36:10 ./testinference.sh 152 alexnet 30 32 resnet50 30 32 vgg19 30 32 
Tue 12 Oct 2021 03:36:10 ./testinference.sh 153 alexnet 30 32 resnet50 30 32 vgg19 30 32 
Tue 12 Oct 2021 03:36:10 ./testinference.sh 154 alexnet 1 32 resnet50 1 32 vgg19 6.696428571428569 32 
Tue 12 Oct 2021 03:36:10 ./testinference.sh 155 alexnet 1 32 resnet50 1 18 vgg19 6.696428571428569 10 
Tue 12 Oct 2021 03:36:10 ./testinference.sh 156 alexnet 1 32 resnet50 1 18 vgg19 6.696428571428569 10 
Tue 12 Oct 2021 03:36:10 ./testinference.sh 157 alexnet 1 32 resnet50 1.537037037037037 18 vgg19 7.569875776397513 10 
Tue 12 Oct 2021 03:36:10 ./testinference.sh 158 alexnet 1 32 resnet50 1.537037037037037 18 vgg19 7.569875776397513 13 
Tue 12 Oct 2021 03:36:10 ./testinference.sh 159 alexnet 1 32 resnet50 1.537037037037037 18 vgg19 7.569875776397513 13 
Tue 12 Oct 2021 03:36:10 ./testinference.sh 160 alexnet 1 32 resnet50 2.362482853223594 18 vgg19 10.184022730276196 13 
Tue 12 Oct 2021 03:36:10 ./testinference.sh 161 alexnet 1 32 resnet50 2.362482853223594 18 vgg19 10.184022730276196 16 
Tue 12 Oct 2021 03:36:10 ./testinference.sh 162 alexnet 1 32 resnet50 2.362482853223594 18 vgg19 10.184022730276196 16 
Tue 12 Oct 2021 03:36:10 ./testinference.sh 163 alexnet 1 32 resnet50 3.631223644769598 18 vgg19 15.063866955200206 16 
Tue 12 Oct 2021 03:36:10 ./testinference.sh 164 alexnet 1 32 resnet50 3.631223644769598 32 vgg19 15.063866955200206 22 
Tue 12 Oct 2021 03:36:10 ./testinference.sh 165 alexnet 1 32 resnet50 3.631223644769598 32 vgg19 15.063866955200206 22 
Tue 12 Oct 2021 03:36:10 ./testinference.sh 166 alexnet 1 32 resnet50 1 32 vgg19 24.538172888062675 22 
Tue 12 Oct 2021 03:36:10 ./testinference.sh 167 alexnet 1 32 resnet50 1 18 vgg19 24.538172888062675 32 
Tue 12 Oct 2021 03:37:51 ./testinference.sh 150 alexnet 30 1 resnet50 30 1 vgg19 30 1 
Tue 12 Oct 2021 03:38:33 ./testinference.sh 151 alexnet 30 6 resnet50 30 5 vgg19 30 5 
Tue 12 Oct 2021 03:39:15 ./testinference.sh 152 alexnet 30 17 resnet50 30 8 vgg19 30 7 
Tue 12 Oct 2021 03:39:56 ./testinference.sh 153 alexnet 30 22 resnet50 30 8 vgg19 30 7 
Tue 12 Oct 2021 03:40:38 ./testinference.sh 154 alexnet 30 22 resnet50 30 8 vgg19 30 7 
Tue 12 Oct 2021 03:41:20 ./testinference.sh 155 alexnet 11.177347242921012 22 resnet50 30 8 vgg19 34.98542274052478 7 
Tue 12 Oct 2021 03:42:01 ./testinference.sh 156 alexnet 11.177347242921012 12 resnet50 30 8 vgg19 34.98542274052478 9 
Tue 12 Oct 2021 03:42:43 ./testinference.sh 157 alexnet 11.177347242921012 10 resnet50 30 8 vgg19 34.98542274052478 9 
Tue 12 Oct 2021 03:43:25 ./testinference.sh 158 alexnet 11.177347242921012 10 resnet50 30 8 vgg19 34.98542274052478 9 
Tue 12 Oct 2021 03:44:06 ./testinference.sh 159 alexnet 11.177347242921012 10 resnet50 27.932960893854748 8 vgg19 38.09398457233162 9 
Tue 12 Oct 2021 03:44:48 ./testinference.sh 160 alexnet 11.177347242921012 10 resnet50 27.932960893854748 8 vgg19 38.09398457233162 9 
Tue 12 Oct 2021 03:45:29 ./testinference.sh 161 alexnet 11.177347242921012 10 resnet50 26.203528043015712 8 vgg19 32.06564357940372 9 
Tue 12 Oct 2021 03:46:11 ./testinference.sh 162 alexnet 11.177347242921012 10 resnet50 26.203528043015712 8 vgg19 32.06564357940372 8 
Tue 12 Oct 2021 03:46:52 ./testinference.sh 163 alexnet 11.177347242921012 10 resnet50 26.203528043015712 8 vgg19 32.06564357940372 8 
Tue 12 Oct 2021 03:47:34 ./testinference.sh 164 alexnet 11.177347242921012 10 resnet50 26.203528043015712 8 vgg19 33.651600723608055 8 
Tue 12 Oct 2021 03:48:15 ./testinference.sh 165 alexnet 11.177347242921012 10 resnet50 26.203528043015712 8 vgg19 33.651600723608055 8 
Tue 12 Oct 2021 03:48:57 ./testinference.sh 166 alexnet 11.177347242921012 10 resnet50 26.203528043015712 8 vgg19 33.651600723608055 8 
Tue 09 Nov 2021 14:02:17 ./testinference.sh 150 vgg19 30 1 ssd 30 1 
Tue 09 Nov 2021 14:02:53 ./testinference.sh 151 vgg19 30 2 ssd 30 2 
Tue 09 Nov 2021 14:03:28 ./testinference.sh 152 vgg19 30 2 ssd 30 2 
Tue 09 Nov 2021 14:04:03 ./testinference.sh 153 vgg19 58.90052356020942 2 ssd 26.501766784452297 2 
Tue 09 Nov 2021 14:04:39 ./testinference.sh 154 vgg19 58.90052356020942 3 ssd 26.501766784452297 2 
Tue 09 Nov 2021 14:05:14 ./testinference.sh 155 vgg19 58.90052356020942 3 ssd 26.501766784452297 2 
Tue 09 Nov 2021 14:05:50 ./testinference.sh 156 vgg19 58.90052356020942 3 ssd 28.236477678084096 2 
Tue 09 Nov 2021 14:06:25 ./testinference.sh 157 vgg19 58.90052356020942 3 ssd 28.236477678084096 2 
Tue 09 Nov 2021 14:07:00 ./testinference.sh 158 vgg19 58.90052356020942 3 ssd 28.236477678084096 2 
