Mon 11 Oct 2021 12:48:20 ./testinference.sh 200 vgg19 30 1 bert 30 1 
Mon 11 Oct 2021 12:48:50 ./testinference.sh 200 vgg19 30 1 bert 30 1 
Mon 11 Oct 2021 12:49:37 ./testinference.sh 201 vgg19 30 8 bert 30 9 
Mon 11 Oct 2021 12:50:19 ./testinference.sh 202 vgg19 30 11 bert 30 6 
Mon 11 Oct 2021 12:51:01 ./testinference.sh 203 vgg19 30 11 bert 30 8 
Mon 11 Oct 2021 12:51:43 ./testinference.sh 204 vgg19 30 11 bert 30 11 
Mon 11 Oct 2021 12:52:25 ./testinference.sh 205 vgg19 30 11 bert 30 8 
Mon 11 Oct 2021 12:53:07 ./testinference.sh 206 vgg19 49.586776859504134 11 bert 38.57323254283888 8 
Mon 11 Oct 2021 12:53:49 ./testinference.sh 207 vgg19 49.586776859504134 18 bert 38.57323254283888 13 
Mon 11 Oct 2021 12:54:31 ./testinference.sh 208 vgg19 49.586776859504134 18 bert 38.57323254283888 11 
Mon 11 Oct 2021 12:55:13 ./testinference.sh 209 vgg19 49.586776859504134 18 bert 38.57323254283888 10 
Mon 11 Oct 2021 12:55:55 ./testinference.sh 210 vgg19 49.586776859504134 18 bert 38.57323254283888 9 
Mon 11 Oct 2021 12:56:37 ./testinference.sh 211 vgg19 49.586776859504134 18 bert 38.57323254283888 8 
Mon 11 Oct 2021 12:57:19 ./testinference.sh 212 vgg19 49.586776859504134 18 bert 17.981442813496148 8 
Mon 11 Oct 2021 12:58:01 ./testinference.sh 213 vgg19 49.586776859504134 18 bert 17.981442813496148 7 
Mon 11 Oct 2021 12:58:43 ./testinference.sh 214 vgg19 49.586776859504134 18 bert 17.981442813496148 7 
Mon 11 Oct 2021 12:59:24 ./testinference.sh 215 vgg19 49.586776859504134 18 bert 35.92695866832397 7 
Mon 11 Oct 2021 13:00:06 ./testinference.sh 216 vgg19 49.586776859504134 18 bert 35.92695866832397 11 
Mon 11 Oct 2021 13:00:48 ./testinference.sh 217 vgg19 49.586776859504134 18 bert 35.92695866832397 9 
Mon 11 Oct 2021 13:01:30 ./testinference.sh 218 vgg19 49.586776859504134 18 bert 35.92695866832397 7 
Mon 11 Oct 2021 13:02:12 ./testinference.sh 219 vgg19 49.586776859504134 18 bert 35.92695866832397 11 
Mon 11 Oct 2021 13:02:54 ./testinference.sh 220 vgg19 49.586776859504134 18 bert 35.92695866832397 9 
Mon 11 Oct 2021 13:03:36 ./testinference.sh 221 vgg19 49.586776859504134 18 bert 61.88967901520063 9 
Mon 11 Oct 2021 13:04:18 ./testinference.sh 222 vgg19 49.586776859504134 17 bert 61.88967901520063 9 
Mon 11 Oct 2021 13:05:00 ./testinference.sh 223 vgg19 49.586776859504134 17 bert 61.88967901520063 9 
Mon 11 Oct 2021 13:05:42 ./testinference.sh 224 vgg19 54.69129800680603 17 bert 83.35310305077525 9 
Mon 11 Oct 2021 13:06:24 ./testinference.sh 225 vgg19 54.69129800680603 17 bert 83.35310305077525 9 
Mon 11 Oct 2021 13:07:06 ./testinference.sh 226 vgg19 54.69129800680603 17 bert 100 9 
Mon 11 Oct 2021 13:07:48 ./testinference.sh 227 vgg19 54.69129800680603 17 bert 100 9 
Mon 11 Oct 2021 13:08:30 ./testinference.sh 228 vgg19 54.69129800680603 17 bert 100 9 
Mon 11 Oct 2021 13:39:41 ./testinference.sh 200 vgg19 30 1 bert 30 1 
Mon 11 Oct 2021 13:40:24 ./testinference.sh 201 vgg19 30 4 bert 30 5 
Mon 11 Oct 2021 13:41:06 ./testinference.sh 202 vgg19 30 6 bert 30 4 
Mon 11 Oct 2021 13:41:48 ./testinference.sh 203 vgg19 30 6 bert 30 5 
Mon 11 Oct 2021 13:42:30 ./testinference.sh 204 vgg19 30 6 bert 30 4 
Mon 11 Oct 2021 13:43:12 ./testinference.sh 205 vgg19 30 6 bert 30 5 
Mon 11 Oct 2021 13:43:53 ./testinference.sh 206 vgg19 33.670033670033675 6 bert 56.074766355140184 5 
Mon 11 Oct 2021 13:44:35 ./testinference.sh 207 vgg19 33.670033670033675 6 bert 56.074766355140184 6 
Mon 11 Oct 2021 13:45:17 ./testinference.sh 208 vgg19 33.670033670033675 6 bert 56.074766355140184 7 
Mon 11 Oct 2021 13:45:59 ./testinference.sh 209 vgg19 33.670033670033675 6 bert 56.074766355140184 8 
Mon 11 Oct 2021 13:46:41 ./testinference.sh 210 vgg19 33.670033670033675 6 bert 56.074766355140184 8 
Mon 11 Oct 2021 13:47:23 ./testinference.sh 211 vgg19 33.670033670033675 6 bert 39.82582837723024 8 
Mon 11 Oct 2021 13:48:05 ./testinference.sh 212 vgg19 33.670033670033675 6 bert 39.82582837723024 7 
Mon 11 Oct 2021 13:48:47 ./testinference.sh 213 vgg19 33.670033670033675 6 bert 39.82582837723024 6 
Mon 11 Oct 2021 13:49:29 ./testinference.sh 214 vgg19 33.670033670033675 6 bert 39.82582837723024 5 
Mon 11 Oct 2021 13:50:11 ./testinference.sh 215 vgg19 33.670033670033675 6 bert 39.82582837723024 5 
Mon 11 Oct 2021 13:50:53 ./testinference.sh 216 vgg19 33.670033670033675 6 bert 59.00122722552628 5 
Mon 11 Oct 2021 13:51:35 ./testinference.sh 217 vgg19 33.670033670033675 6 bert 59.00122722552628 6 
Mon 11 Oct 2021 13:52:16 ./testinference.sh 218 vgg19 33.670033670033675 6 bert 59.00122722552628 7 
Mon 11 Oct 2021 13:52:58 ./testinference.sh 219 vgg19 33.670033670033675 6 bert 59.00122722552628 9 
Mon 11 Oct 2021 13:53:40 ./testinference.sh 220 vgg19 33.670033670033675 6 bert 59.00122722552628 6 
Mon 11 Oct 2021 13:54:22 ./testinference.sh 221 vgg19 33.670033670033675 6 bert 59.00122722552628 7 
Mon 11 Oct 2021 13:55:04 ./testinference.sh 222 vgg19 33.670033670033675 6 bert 43.67226293525262 7 
Mon 11 Oct 2021 13:55:46 ./testinference.sh 223 vgg19 33.670033670033675 6 bert 43.67226293525262 7 
Mon 11 Oct 2021 13:56:28 ./testinference.sh 224 vgg19 33.670033670033675 6 bert 47.78866354757719 7 
Mon 11 Oct 2021 13:57:10 ./testinference.sh 225 vgg19 33.670033670033675 6 bert 47.78866354757719 7 
Mon 11 Oct 2021 13:57:52 ./testinference.sh 226 vgg19 33.670033670033675 6 bert 53.17389892516575 7 
Mon 11 Oct 2021 13:58:34 ./testinference.sh 227 vgg19 33.670033670033675 6 bert 53.17389892516575 7 
Mon 11 Oct 2021 13:59:16 ./testinference.sh 228 vgg19 33.670033670033675 6 bert 44.03635521752857 7 
Mon 11 Oct 2021 13:59:58 ./testinference.sh 229 vgg19 33.670033670033675 6 bert 44.03635521752857 7 
Mon 11 Oct 2021 14:00:39 ./testinference.sh 230 vgg19 33.670033670033675 6 bert 48.18004459901735 7 
Mon 11 Oct 2021 14:01:21 ./testinference.sh 231 vgg19 33.670033670033675 6 bert 48.18004459901735 7 
Mon 11 Oct 2021 14:02:03 ./testinference.sh 232 vgg19 33.670033670033675 6 bert 53.87327738232275 7 
Mon 11 Oct 2021 14:02:45 ./testinference.sh 233 vgg19 33.670033670033675 6 bert 53.87327738232275 7 
Mon 11 Oct 2021 14:03:27 ./testinference.sh 234 vgg19 33.670033670033675 6 bert 45.27166166581743 7 
